Arguments: 
  C:\Program Files\nodejs\node.exe C:\Users\mikes\AppData\Roaming\npm\node_modules\yarn\bin\yarn.js

PATH: 
  C:\Users\mikes\WebstormProjects\laravel-mix-serve\node_modules\.bin;C:\windows\system32;C:\windows;C:\windows\System32\Wbem;C:\windows\System32\WindowsPowerShell\v1.0\;C:\windows\System32\OpenSSH\;C:\Program Files (x86)\NVIDIA Corporation\PhysX\Common;C:\Program Files\NVIDIA Corporation\NVIDIA NvDLISR;C:\WINDOWS\system32;C:\WINDOWS;C:\WINDOWS\System32\Wbem;C:\WINDOWS\System32\WindowsPowerShell\v1.0\;C:\WINDOWS\System32\OpenSSH\;C:\Program Files\nodejs\;C:\Program Files\Git\cmd;C:\Program Files\PuTTY\;C:\Program Files\Microsoft SQL Server\130\Tools\Binn\;C:\Program Files\Microsoft SQL Server\Client SDK\ODBC\170\Tools\Binn\;C:\Program Files\dotnet\;C:\xampp\php;C:\Users\mikes\AppData\Local\Microsoft\WindowsApps;C:\Users\mikes\AppData\Roaming\npm;C:\Program Files\JetBrains\PhpStorm 2020.3\bin;;C:\Users\mikes\AppData\Local\ComposerSetup\bin;C:\Users\mikes\AppData\Roaming\Composer\vendor\bin;C:\Users\mikes\AppData\Local\GitHubDesktop\bin;C:\Program Files\JetBrains\WebStorm 2020.3.1\bin;;C:\Users\mikes\.dotnet\tools

Yarn version: 
  1.22.10

Node version: 
  14.15.3

Platform: 
  win32 x64

Trace: 
  SyntaxError: C:\Users\mikes\WebstormProjects\laravel-mix-serve\package.json: Unexpected token } in JSON at position 310
      at JSON.parse (<anonymous>)
      at C:\Users\mikes\AppData\Roaming\npm\node_modules\yarn\lib\cli.js:1625:59
      at Generator.next (<anonymous>)
      at step (C:\Users\mikes\AppData\Roaming\npm\node_modules\yarn\lib\cli.js:310:30)
      at C:\Users\mikes\AppData\Roaming\npm\node_modules\yarn\lib\cli.js:321:13

npm manifest: 
  {
    "name": "laravel-mix-serve",
    "version": "1.0.1",
    "description": "Extension for Laravel Mix that runs the serve command.",
    "main": "index.js",
    "repository": {
      "type": "git",
      "url": "git+https://github.com/mikesaintsg/laravel-mix-serve.git"
    },
    "author": {
      "name": "Michael Garcia",
    },
    "license": "MIT",
    "devDependencies": {
      "laravel-mix": "^6.0.10"
    },
    "keywords": [
      "laravel",
      "mix",
      "laravel-mix",
      "plugin",
      "extension",
      "serve",
      "webpack",
      "webpack-cli"
    ]
  }

yarn manifest: 
  No manifest

Lockfile: 
  No lockfile
